<?xml version="1.0" encoding="UTF-8"?>
<!-- Generated by org.testng.reporters.JUnitReportReporter -->
<testsuite hostname="LAPTOP-QI3SIVEU" failures="0" tests="1" name="Launchyoutube" time="9.132" errors="0" timestamp="2021-03-20T12:34:47 IST" skipped="0">
  <testcase classname="Launchyoutube" name="launchyoutube" time="9.132"/>
  <system-out/>
</testsuite> <!-- Launchyoutube -->
