<?xml version="1.0" encoding="UTF-8"?>
<!-- Generated by org.testng.reporters.JUnitReportReporter -->
<testsuite hostname="LAPTOP-QI3SIVEU" failures="0" tests="1" name="test.Launchyoutube" time="15.484" errors="0" timestamp="2021-03-20T14:13:43 IST" skipped="0">
  <testcase classname="test.Launchyoutube" name="launchyoutube" time="15.484"/>
  <system-out/>
</testsuite> <!-- test.Launchyoutube -->
